<?xml version="1.0" encoding="UTF-8"?>
<!-- Generated by org.testng.reporters.JUnitReportReporter -->
<testsuite hostname="brady-Inspiron-N5010" failures="0" tests="4" name="demo.DemoFunctionalityOne" time="0.031" errors="0" timestamp="2022-06-07T11:08:02 PDT" skipped="0">
  <testcase classname="demo.DemoFunctionalityOne" name="functionality1Test1" time="0.011"/>
  <system-out/>
  <testcase classname="demo.DemoFunctionalityOne" name="functionality1Test3" time="0.016"/>
  <system-out/>
  <testcase classname="demo.DemoFunctionalityOne" name="functionality1Test4" time="0.002"/>
  <system-out/>
  <testcase classname="demo.DemoFunctionalityOne" name="functionality1Test2" time="0.002"/>
  <system-out/>
</testsuite> <!-- demo.DemoFunctionalityOne -->
