<?xml version="1.0" encoding="UTF-8"?>
<!-- Generated by org.testng.reporters.JUnitReportReporter -->
<testsuite hostname="brady-Inspiron-N5010" failures="0" tests="2" name="testingpages.SearchFeatureTesting" time="20.022" errors="0" timestamp="07 Jun 2022 22:40:26 GMT" skipped="0">
  <testcase classname="testingpages.SearchFeatureTesting" name="test2" time="10.088"/>
  <testcase classname="testingpages.SearchFeatureTesting" name="test1" time="9.934"/>
</testsuite> <!-- testingpages.SearchFeatureTesting -->
